<?xml version="1.0" encoding="UTF-8"?>
<!-- Generated by org.testng.reporters.JUnitXMLReporter -->
<testsuite hostname="BobITs-Mac-mini.fios-router.home" ignored="1" name="Default test" tests="3" failures="0" timestamp="2020-10-14T21:31:23 EDT" time="8.269" errors="0">
  <testcase name="verifyLoginPageTitle" time="0.017" classname="com.qa.orangehrm.tests.LoginPageTest"/>
  <testcase name="verifyForgetPassLink" time="0.042" classname="com.qa.orangehrm.tests.LoginPageTest"/>
  <testcase name="loginTest" time="1.69" classname="com.qa.orangehrm.tests.LoginPageTest"/>
  <testcase name="login_InvalidTestCase" time="0.0" classname="com.qa.orangehrm.tests.LoginPageTest">
    <ignored/>
  </testcase> <!-- login_InvalidTestCase -->
</testsuite> <!-- Default test -->
