<?xml version="1.0" encoding="UTF-8"?>
<!-- Generated by org.testng.reporters.JUnitXMLReporter -->
<testsuite hostname="BobITs-Mac-mini.fios-router.home" ignored="8" tests="0" failures="0" timestamp="2020-10-11T22:35:43 EDT" time="0.005" errors="0">
  <testcase name="login_InvalidTestCase" time="0.0" classname="com.qa.orangehrm.tests.LoginPageTest">
    <ignored/>
  </testcase> <!-- login_InvalidTestCase -->
  <testcase name="verifyHomePageHeader" time="0.0" classname="com.qa.orangehrm.tests.HomePageTest">
    <ignored/>
  </testcase> <!-- verifyHomePageHeader -->
  <testcase name="verifyHomePageTitle" time="0.0" classname="com.qa.orangehrm.tests.HomePageTest">
    <ignored/>
  </testcase> <!-- verifyHomePageTitle -->
  <testcase name="verifyLoginPageTitle" time="0.0" classname="com.qa.orangehrm.tests.LoginPageTest">
    <ignored/>
  </testcase> <!-- verifyLoginPageTitle -->
  <testcase name="loginTest" time="0.0" classname="com.qa.orangehrm.tests.LoginPageTest">
    <ignored/>
  </testcase> <!-- loginTest -->
  <testcase name="verifyAuthentication" time="0.0" classname="com.qa.orangehrm.tests.HomePageTest">
    <ignored/>
  </testcase> <!-- verifyAuthentication -->
  <testcase name="verifyForgetPassLink" time="0.0" classname="com.qa.orangehrm.tests.LoginPageTest">
    <ignored/>
  </testcase> <!-- verifyForgetPassLink -->
  <testcase name="verifyLoggedInUserAccount" time="0.0" classname="com.qa.orangehrm.tests.HomePageTest">
    <ignored/>
  </testcase> <!-- verifyLoggedInUserAccount -->
</testsuite>
