<?xml version="1.0" encoding="UTF-8"?>
<!-- Generated by org.testng.reporters.JUnitXMLReporter -->
<testsuite hostname="Fatoss-MacBook-Air.local" ignored="1" name="Orange HRM Regression Tests" tests="3" failures="1" timestamp="2020-10-16T19:58:53 EDT" time="59.328" errors="0">
  <testcase name="verifyLoginPageTitle" time="0.151" classname="com.qa.orangehrm.tests.LoginPageTest"/>
  <testcase name="verifyForgetPassLink" time="0.15" classname="com.qa.orangehrm.tests.LoginPageTest"/>
  <testcase name="loginTest" time="40.405" classname="com.qa.orangehrm.tests.LoginPageTest">
    <failure type="java.lang.NullPointerException">
      <![CDATA[java.lang.NullPointerException
at com.qa.orangehrm.tests.LoginPageTest.loginTest(LoginPageTest.java:86)
at java.util.ArrayList.forEach(ArrayList.java:1257)
... Removed 27 stack frames]]>
    </failure>
  </testcase> <!-- loginTest -->
  <testcase name="login_InvalidTestCase" time="0.0" classname="com.qa.orangehrm.tests.LoginPageTest">
    <ignored/>
  </testcase> <!-- login_InvalidTestCase -->
</testsuite> <!-- Orange HRM Regression Tests -->
