<?xml version="1.0" encoding="UTF-8"?>
<!-- Generated by org.testng.reporters.JUnitXMLReporter -->
<testsuite hostname="Fatoss-MacBook-Air.local" ignored="1" name="Orange HRM Regression Tests -- chrome" tests="7" failures="0" timestamp="2020-10-16T20:20:17 EDT" time="63.245" errors="0">
  <testcase name="verifyLoginPageTitle" time="0.907" classname="com.qa.orangehrm.tests.LoginPageTest"/>
  <testcase name="verifyHomePageTitle" time="0.017" classname="com.qa.orangehrm.tests.HomePageTest"/>
  <testcase name="verifyForgetPassLink" time="0.377" classname="com.qa.orangehrm.tests.LoginPageTest"/>
  <testcase name="verifyHomePageHeader" time="0.052" classname="com.qa.orangehrm.tests.HomePageTest"/>
  <testcase name="loginTest" time="4.728" classname="com.qa.orangehrm.tests.LoginPageTest"/>
  <testcase name="verifyLoggedInUserAccount" time="0.064" classname="com.qa.orangehrm.tests.HomePageTest"/>
  <testcase name="verifyAuthentication" time="0.029" classname="com.qa.orangehrm.tests.HomePageTest"/>
  <testcase name="login_InvalidTestCase" time="0.0" classname="com.qa.orangehrm.tests.LoginPageTest">
    <ignored/>
  </testcase> <!-- login_InvalidTestCase -->
</testsuite> <!-- Orange HRM Regression Tests - chrome -->
