<?xml version="1.0" encoding="UTF-8"?>
<!-- Generated by org.testng.reporters.JUnitXMLReporter -->
<testsuite hostname="Fatoss-MacBook-Air.local" ignored="1" name="Orange HRM Regression Tests -- firefox" tests="7" failures="0" timestamp="2020-10-16T20:20:19 EDT" time="65.704" errors="0">
  <testcase name="verifyLoginPageTitle" time="0.91" classname="com.qa.orangehrm.tests.LoginPageTest"/>
  <testcase name="verifyHomePageTitle" time="0.016" classname="com.qa.orangehrm.tests.HomePageTest"/>
  <testcase name="verifyHomePageHeader" time="1.378" classname="com.qa.orangehrm.tests.HomePageTest"/>
  <testcase name="verifyForgetPassLink" time="0.281" classname="com.qa.orangehrm.tests.LoginPageTest"/>
  <testcase name="verifyLoggedInUserAccount" time="1.679" classname="com.qa.orangehrm.tests.HomePageTest"/>
  <testcase name="loginTest" time="2.149" classname="com.qa.orangehrm.tests.LoginPageTest"/>
  <testcase name="verifyAuthentication" time="0.019" classname="com.qa.orangehrm.tests.HomePageTest"/>
  <testcase name="login_InvalidTestCase" time="0.0" classname="com.qa.orangehrm.tests.LoginPageTest">
    <ignored/>
  </testcase> <!-- login_InvalidTestCase -->
</testsuite> <!-- Orange HRM Regression Tests - firefox -->
